15:20:32.714 TrainingPlanManager.tsx:67  GET http://localhost:8000/api/training/plans 401 (Unauthorized)
dispatchXhrRequest @ axios.js?v=6464037d:1696
xhr @ axios.js?v=6464037d:1573
dispatchRequest @ axios.js?v=6464037d:2107
Promise.then
_request @ axios.js?v=6464037d:2310
request @ axios.js?v=6464037d:2219
Axios.<computed> @ axios.js?v=6464037d:2346
wrap @ axios.js?v=6464037d:8
fetchData @ TrainingPlanManager.tsx:67
(匿名) @ TrainingPlanManager.tsx:80
react_stack_bottom_frame @ react-dom_client.js?v=6464037d:18567
runWithFiberInDEV @ react-dom_client.js?v=6464037d:997
commitHookEffectListMount @ react-dom_client.js?v=6464037d:9411
commitHookPassiveMountEffects @ react-dom_client.js?v=6464037d:9465
commitPassiveMountOnFiber @ react-dom_client.js?v=6464037d:11040
recursivelyTraversePassiveMountEffects @ react-dom_client.js?v=6464037d:11010
commitPassiveMountOnFiber @ react-dom_client.js?v=6464037d:11201
recursivelyTraversePassiveMountEffects @ react-dom_client.js?v=6464037d:11010
commitPassiveMountOnFiber @ react-dom_client.js?v=6464037d:11033
recursivelyTraversePassiveMountEffects @ react-dom_client.js?v=6464037d:11010
commitPassiveMountOnFiber @ react-dom_client.js?v=6464037d:11033
recursivelyTraversePassiveMountEffects @ react-dom_client.js?v=6464037d:11010
commitPassiveMountOnFiber @ react-dom_client.js?v=6464037d:11201
recursivelyTraversePassiveMountEffects @ react-dom_client.js?v=6464037d:11010
commitPassiveMountOnFiber @ react-dom_client.js?v=6464037d:11201
recursivelyTraversePassiveMountEffects @ react-dom_client.js?v=6464037d:11010
commitPassiveMountOnFiber @ react-dom_client.js?v=6464037d:11201
recursivelyTraversePassiveMountEffects @ react-dom_client.js?v=6464037d:11010
commitPassiveMountOnFiber @ react-dom_client.js?v=6464037d:11201
recursivelyTraversePassiveMountEffects @ react-dom_client.js?v=6464037d:11010
commitPassiveMountOnFiber @ react-dom_client.js?v=6464037d:11033
recursivelyTraversePassiveMountEffects @ react-dom_client.js?v=6464037d:11010
commitPassiveMountOnFiber @ react-dom_client.js?v=6464037d:11033
recursivelyTraversePassiveMountEffects @ react-dom_client.js?v=6464037d:11010
commitPassiveMountOnFiber @ react-dom_client.js?v=6464037d:11033
recursivelyTraversePassiveMountEffects @ react-dom_client.js?v=6464037d:11010
commitPassiveMountOnFiber @ react-dom_client.js?v=6464037d:11201
recursivelyTraversePassiveMountEffects @ react-dom_client.js?v=6464037d:11010
commitPassiveMountOnFiber @ react-dom_client.js?v=6464037d:11066
flushPassiveEffects @ react-dom_client.js?v=6464037d:13150
(匿名) @ react-dom_client.js?v=6464037d:12776
performWorkUntilDeadline @ react-dom_client.js?v=6464037d:36
15:20:32.714 TrainingPlanManager.tsx:75 載入資料失敗 AxiosError {message: 'Request failed with status code 401', name: 'AxiosError', code: 'ERR_BAD_REQUEST', config: {…}, request: XMLHttpRequest, …}code: "ERR_BAD_REQUEST"config: {transitional: {…}, adapter: Array(3), transformRequest: Array(1), transformResponse: Array(1), timeout: 0, …}message: "Request failed with status code 401"name: "AxiosError"request: XMLHttpRequest {onreadystatechange: null, readyState: 4, timeout: 0, withCredentials: false, upload: XMLHttpRequestUpload, …}response: {data: {…}, status: 401, statusText: 'Unauthorized', headers: AxiosHeaders, config: {…}, …}status: 401stack: "AxiosError: Request failed with status code 401\n    at settle (http://localhost:5173/node_modules/.vite/deps/axios.js?v=6464037d:1257:12)\n    at XMLHttpRequest.onloadend (http://localhost:5173/node_modules/.vite/deps/axios.js?v=6464037d:1606:7)\n    at Axios.request (http://localhost:5173/node_modules/.vite/deps/axios.js?v=6464037d:2223:41)\n    at async Promise.all (index 0)\n    at async fetchData (http://localhost:5173/src/components/admin/TrainingPlanManager.tsx?t=1767596992222:31:47)"[[Prototype]]: Error
fetchData @ TrainingPlanManager.tsx:75
await in fetchData
(匿名) @ TrainingPlanManager.tsx:80
react_stack_bottom_frame @ react-dom_client.js?v=6464037d:18567
runWithFiberInDEV @ react-dom_client.js?v=6464037d:997
commitHookEffectListMount @ react-dom_client.js?v=6464037d:9411
commitHookPassiveMountEffects @ react-dom_client.js?v=6464037d:9465
commitPassiveMountOnFiber @ react-dom_client.js?v=6464037d:11040
recursivelyTraversePassiveMountEffects @ react-dom_client.js?v=6464037d:11010
commitPassiveMountOnFiber @ react-dom_client.js?v=6464037d:11201
recursivelyTraversePassiveMountEffects @ react-dom_client.js?v=6464037d:11010
commitPassiveMountOnFiber @ react-dom_client.js?v=6464037d:11033
recursivelyTraversePassiveMountEffects @ react-dom_client.js?v=6464037d:11010
commitPassiveMountOnFiber @ react-dom_client.js?v=6464037d:11033
recursivelyTraversePassiveMountEffects @ react-dom_client.js?v=6464037d:11010
commitPassiveMountOnFiber @ react-dom_client.js?v=6464037d:11201
recursivelyTraversePassiveMountEffects @ react-dom_client.js?v=6464037d:11010
commitPassiveMountOnFiber @ react-dom_client.js?v=6464037d:11201
recursivelyTraversePassiveMountEffects @ react-dom_client.js?v=6464037d:11010
commitPassiveMountOnFiber @ react-dom_client.js?v=6464037d:11201
recursivelyTraversePassiveMountEffects @ react-dom_client.js?v=6464037d:11010
commitPassiveMountOnFiber @ react-dom_client.js?v=6464037d:11201
recursivelyTraversePassiveMountEffects @ react-dom_client.js?v=6464037d:11010
commitPassiveMountOnFiber @ react-dom_client.js?v=6464037d:11033
recursivelyTraversePassiveMountEffects @ react-dom_client.js?v=6464037d:11010
commitPassiveMountOnFiber @ react-dom_client.js?v=6464037d:11033
recursivelyTraversePassiveMountEffects @ react-dom_client.js?v=6464037d:11010
commitPassiveMountOnFiber @ react-dom_client.js?v=6464037d:11033
recursivelyTraversePassiveMountEffects @ react-dom_client.js?v=6464037d:11010
commitPassiveMountOnFiber @ react-dom_client.js?v=6464037d:11201
recursivelyTraversePassiveMountEffects @ react-dom_client.js?v=6464037d:11010
commitPassiveMountOnFiber @ react-dom_client.js?v=6464037d:11066
flushPassiveEffects @ react-dom_client.js?v=6464037d:13150
(匿名) @ react-dom_client.js?v=6464037d:12776
performWorkUntilDeadline @ react-dom_client.js?v=6464037d:36
15:20:32.721 TrainingPlanManager.tsx:68  GET http://localhost:8000/api/admin/categories/main 401 (Unauthorized)
dispatchXhrRequest @ axios.js?v=6464037d:1696
xhr @ axios.js?v=6464037d:1573
dispatchRequest @ axios.js?v=6464037d:2107
Promise.then
_request @ axios.js?v=6464037d:2310
request @ axios.js?v=6464037d:2219
Axios.<computed> @ axios.js?v=6464037d:2346
wrap @ axios.js?v=6464037d:8
fetchData @ TrainingPlanManager.tsx:68
(匿名) @ TrainingPlanManager.tsx:80
react_stack_bottom_frame @ react-dom_client.js?v=6464037d:18567
runWithFiberInDEV @ react-dom_client.js?v=6464037d:997
commitHookEffectListMount @ react-dom_client.js?v=6464037d:9411
commitHookPassiveMountEffects @ react-dom_client.js?v=6464037d:9465
commitPassiveMountOnFiber @ react-dom_client.js?v=6464037d:11040
recursivelyTraversePassiveMountEffects @ react-dom_client.js?v=6464037d:11010
commitPassiveMountOnFiber @ react-dom_client.js?v=6464037d:11201
recursivelyTraversePassiveMountEffects @ react-dom_client.js?v=6464037d:11010
commitPassiveMountOnFiber @ react-dom_client.js?v=6464037d:11033
recursivelyTraversePassiveMountEffects @ react-dom_client.js?v=6464037d:11010
commitPassiveMountOnFiber @ react-dom_client.js?v=6464037d:11033
recursivelyTraversePassiveMountEffects @ react-dom_client.js?v=6464037d:11010
commitPassiveMountOnFiber @ react-dom_client.js?v=6464037d:11201
recursivelyTraversePassiveMountEffects @ react-dom_client.js?v=6464037d:11010
commitPassiveMountOnFiber @ react-dom_client.js?v=6464037d:11201
recursivelyTraversePassiveMountEffects @ react-dom_client.js?v=6464037d:11010
commitPassiveMountOnFiber @ react-dom_client.js?v=6464037d:11201
recursivelyTraversePassiveMountEffects @ react-dom_client.js?v=6464037d:11010
commitPassiveMountOnFiber @ react-dom_client.js?v=6464037d:11201
recursivelyTraversePassiveMountEffects @ react-dom_client.js?v=6464037d:11010
commitPassiveMountOnFiber @ react-dom_client.js?v=6464037d:11033
recursivelyTraversePassiveMountEffects @ react-dom_client.js?v=6464037d:11010
commitPassiveMountOnFiber @ react-dom_client.js?v=6464037d:11033
recursivelyTraversePassiveMountEffects @ react-dom_client.js?v=6464037d:11010
commitPassiveMountOnFiber @ react-dom_client.js?v=6464037d:11033
recursivelyTraversePassiveMountEffects @ react-dom_client.js?v=6464037d:11010
commitPassiveMountOnFiber @ react-dom_client.js?v=6464037d:11201
recursivelyTraversePassiveMountEffects @ react-dom_client.js?v=6464037d:11010
commitPassiveMountOnFiber @ react-dom_client.js?v=6464037d:11066
flushPassiveEffects @ react-dom_client.js?v=6464037d:13150
(匿名) @ react-dom_client.js?v=6464037d:12776
performWorkUntilDeadline @ react-dom_client.js?v=6464037d:36
15:20:32.721 TrainingPlanManager.tsx:69  GET http://localhost:8000/api/admin/departments 401 (Unauthorized)
dispatchXhrRequest @ axios.js?v=6464037d:1696
xhr @ axios.js?v=6464037d:1573
dispatchRequest @ axios.js?v=6464037d:2107
Promise.then
_request @ axios.js?v=6464037d:2310
request @ axios.js?v=6464037d:2219
Axios.<computed> @ axios.js?v=6464037d:2346
wrap @ axios.js?v=6464037d:8
fetchData @ TrainingPlanManager.tsx:69
(匿名) @ TrainingPlanManager.tsx:80
react_stack_bottom_frame @ react-dom_client.js?v=6464037d:18567
runWithFiberInDEV @ react-dom_client.js?v=6464037d:997
commitHookEffectListMount @ react-dom_client.js?v=6464037d:9411
commitHookPassiveMountEffects @ react-dom_client.js?v=6464037d:9465
commitPassiveMountOnFiber @ react-dom_client.js?v=6464037d:11040
recursivelyTraversePassiveMountEffects @ react-dom_client.js?v=6464037d:11010
commitPassiveMountOnFiber @ react-dom_client.js?v=6464037d:11201
recursivelyTraversePassiveMountEffects @ react-dom_client.js?v=6464037d:11010
commitPassiveMountOnFiber @ react-dom_client.js?v=6464037d:11033
recursivelyTraversePassiveMountEffects @ react-dom_client.js?v=6464037d:11010
commitPassiveMountOnFiber @ react-dom_client.js?v=6464037d:11033
recursivelyTraversePassiveMountEffects @ react-dom_client.js?v=6464037d:11010
commitPassiveMountOnFiber @ react-dom_client.js?v=6464037d:11201
recursivelyTraversePassiveMountEffects @ react-dom_client.js?v=6464037d:11010
commitPassiveMountOnFiber @ react-dom_client.js?v=6464037d:11201
recursivelyTraversePassiveMountEffects @ react-dom_client.js?v=6464037d:11010
commitPassiveMountOnFiber @ react-dom_client.js?v=6464037d:11201
recursivelyTraversePassiveMountEffects @ react-dom_client.js?v=6464037d:11010
commitPassiveMountOnFiber @ react-dom_client.js?v=6464037d:11201
recursivelyTraversePassiveMountEffects @ react-dom_client.js?v=6464037d:11010
commitPassiveMountOnFiber @ react-dom_client.js?v=6464037d:11033
recursivelyTraversePassiveMountEffects @ react-dom_client.js?v=6464037d:11010
commitPassiveMountOnFiber @ react-dom_client.js?v=6464037d:11033
recursivelyTraversePassiveMountEffects @ react-dom_client.js?v=6464037d:11010
commitPassiveMountOnFiber @ react-dom_client.js?v=6464037d:11033
recursivelyTraversePassiveMountEffects @ react-dom_client.js?v=6464037d:11010
commitPassiveMountOnFiber @ react-dom_client.js?v=6464037d:11201
recursivelyTraversePassiveMountEffects @ react-dom_client.js?v=6464037d:11010
commitPassiveMountOnFiber @ react-dom_client.js?v=6464037d:11066
flushPassiveEffects @ react-dom_client.js?v=6464037d:13150
(匿名) @ react-dom_client.js?v=6464037d:12776
performWorkUntilDeadline @ react-dom_client.js?v=6464037d:36
15:20:32.721 TrainingPlanManager.tsx:67  GET http://localhost:8000/api/training/plans 401 (Unauthorized)
dispatchXhrRequest @ axios.js?v=6464037d:1696
xhr @ axios.js?v=6464037d:1573
dispatchRequest @ axios.js?v=6464037d:2107
Promise.then
_request @ axios.js?v=6464037d:2310
request @ axios.js?v=6464037d:2219
Axios.<computed> @ axios.js?v=6464037d:2346
wrap @ axios.js?v=6464037d:8
fetchData @ TrainingPlanManager.tsx:67
(匿名) @ TrainingPlanManager.tsx:80
react_stack_bottom_frame @ react-dom_client.js?v=6464037d:18567
runWithFiberInDEV @ react-dom_client.js?v=6464037d:997
commitHookEffectListMount @ react-dom_client.js?v=6464037d:9411
commitHookPassiveMountEffects @ react-dom_client.js?v=6464037d:9465
reconnectPassiveEffects @ react-dom_client.js?v=6464037d:11273
doubleInvokeEffectsOnFiber @ react-dom_client.js?v=6464037d:13339
runWithFiberInDEV @ react-dom_client.js?v=6464037d:997
recursivelyTraverseAndDoubleInvokeEffectsInDEV @ react-dom_client.js?v=6464037d:13312
recursivelyTraverseAndDoubleInvokeEffectsInDEV @ react-dom_client.js?v=6464037d:13317
recursivelyTraverseAndDoubleInvokeEffectsInDEV @ react-dom_client.js?v=6464037d:13317
recursivelyTraverseAndDoubleInvokeEffectsInDEV @ react-dom_client.js?v=6464037d:13317
recursivelyTraverseAndDoubleInvokeEffectsInDEV @ react-dom_client.js?v=6464037d:13317
recursivelyTraverseAndDoubleInvokeEffectsInDEV @ react-dom_client.js?v=6464037d:13317
recursivelyTraverseAndDoubleInvokeEffectsInDEV @ react-dom_client.js?v=6464037d:13317
recursivelyTraverseAndDoubleInvokeEffectsInDEV @ react-dom_client.js?v=6464037d:13317
recursivelyTraverseAndDoubleInvokeEffectsInDEV @ react-dom_client.js?v=6464037d:13317
recursivelyTraverseAndDoubleInvokeEffectsInDEV @ react-dom_client.js?v=6464037d:13317
recursivelyTraverseAndDoubleInvokeEffectsInDEV @ react-dom_client.js?v=6464037d:13317
recursivelyTraverseAndDoubleInvokeEffectsInDEV @ react-dom_client.js?v=6464037d:13317
commitDoubleInvokeEffectsInDEV @ react-dom_client.js?v=6464037d:13347
flushPassiveEffects @ react-dom_client.js?v=6464037d:13157
(匿名) @ react-dom_client.js?v=6464037d:12776
performWorkUntilDeadline @ react-dom_client.js?v=6464037d:36
15:20:32.721 TrainingPlanManager.tsx:75 載入資料失敗 AxiosError {message: 'Request failed with status code 401', name: 'AxiosError', code: 'ERR_BAD_REQUEST', config: {…}, request: XMLHttpRequest, …}
fetchData @ TrainingPlanManager.tsx:75
await in fetchData
(匿名) @ TrainingPlanManager.tsx:80
react_stack_bottom_frame @ react-dom_client.js?v=6464037d:18567
runWithFiberInDEV @ react-dom_client.js?v=6464037d:997
commitHookEffectListMount @ react-dom_client.js?v=6464037d:9411
commitHookPassiveMountEffects @ react-dom_client.js?v=6464037d:9465
reconnectPassiveEffects @ react-dom_client.js?v=6464037d:11273
doubleInvokeEffectsOnFiber @ react-dom_client.js?v=6464037d:13339
runWithFiberInDEV @ react-dom_client.js?v=6464037d:997
recursivelyTraverseAndDoubleInvokeEffectsInDEV @ react-dom_client.js?v=6464037d:13312
recursivelyTraverseAndDoubleInvokeEffectsInDEV @ react-dom_client.js?v=6464037d:13317
recursivelyTraverseAndDoubleInvokeEffectsInDEV @ react-dom_client.js?v=6464037d:13317
recursivelyTraverseAndDoubleInvokeEffectsInDEV @ react-dom_client.js?v=6464037d:13317
recursivelyTraverseAndDoubleInvokeEffectsInDEV @ react-dom_client.js?v=6464037d:13317
recursivelyTraverseAndDoubleInvokeEffectsInDEV @ react-dom_client.js?v=6464037d:13317
recursivelyTraverseAndDoubleInvokeEffectsInDEV @ react-dom_client.js?v=6464037d:13317
recursivelyTraverseAndDoubleInvokeEffectsInDEV @ react-dom_client.js?v=6464037d:13317
recursivelyTraverseAndDoubleInvokeEffectsInDEV @ react-dom_client.js?v=6464037d:13317
recursivelyTraverseAndDoubleInvokeEffectsInDEV @ react-dom_client.js?v=6464037d:13317
recursivelyTraverseAndDoubleInvokeEffectsInDEV @ react-dom_client.js?v=6464037d:13317
recursivelyTraverseAndDoubleInvokeEffectsInDEV @ react-dom_client.js?v=6464037d:13317
commitDoubleInvokeEffectsInDEV @ react-dom_client.js?v=6464037d:13347
flushPassiveEffects @ react-dom_client.js?v=6464037d:13157
(匿名) @ react-dom_client.js?v=6464037d:12776
performWorkUntilDeadline @ react-dom_client.js?v=6464037d:36
15:20:32.721 TrainingPlanManager.tsx:68  GET http://localhost:8000/api/admin/categories/main 401 (Unauthorized)
dispatchXhrRequest @ axios.js?v=6464037d:1696
xhr @ axios.js?v=6464037d:1573
dispatchRequest @ axios.js?v=6464037d:2107
Promise.then
_request @ axios.js?v=6464037d:2310
request @ axios.js?v=6464037d:2219
Axios.<computed> @ axios.js?v=6464037d:2346
wrap @ axios.js?v=6464037d:8
fetchData @ TrainingPlanManager.tsx:68
(匿名) @ TrainingPlanManager.tsx:80
react_stack_bottom_frame @ react-dom_client.js?v=6464037d:18567
runWithFiberInDEV @ react-dom_client.js?v=6464037d:997
commitHookEffectListMount @ react-dom_client.js?v=6464037d:9411
commitHookPassiveMountEffects @ react-dom_client.js?v=6464037d:9465
reconnectPassiveEffects @ react-dom_client.js?v=6464037d:11273
doubleInvokeEffectsOnFiber @ react-dom_client.js?v=6464037d:13339
runWithFiberInDEV @ react-dom_client.js?v=6464037d:997
recursivelyTraverseAndDoubleInvokeEffectsInDEV @ react-dom_client.js?v=6464037d:13312
recursivelyTraverseAndDoubleInvokeEffectsInDEV @ react-dom_client.js?v=6464037d:13317
recursivelyTraverseAndDoubleInvokeEffectsInDEV @ react-dom_client.js?v=6464037d:13317
recursivelyTraverseAndDoubleInvokeEffectsInDEV @ react-dom_client.js?v=6464037d:13317
recursivelyTraverseAndDoubleInvokeEffectsInDEV @ react-dom_client.js?v=6464037d:13317
recursivelyTraverseAndDoubleInvokeEffectsInDEV @ react-dom_client.js?v=6464037d:13317
recursivelyTraverseAndDoubleInvokeEffectsInDEV @ react-dom_client.js?v=6464037d:13317
recursivelyTraverseAndDoubleInvokeEffectsInDEV @ react-dom_client.js?v=6464037d:13317
recursivelyTraverseAndDoubleInvokeEffectsInDEV @ react-dom_client.js?v=6464037d:13317
recursivelyTraverseAndDoubleInvokeEffectsInDEV @ react-dom_client.js?v=6464037d:13317
recursivelyTraverseAndDoubleInvokeEffectsInDEV @ react-dom_client.js?v=6464037d:13317
recursivelyTraverseAndDoubleInvokeEffectsInDEV @ react-dom_client.js?v=6464037d:13317
commitDoubleInvokeEffectsInDEV @ react-dom_client.js?v=6464037d:13347
flushPassiveEffects @ react-dom_client.js?v=6464037d:13157
(匿名) @ react-dom_client.js?v=6464037d:12776
performWorkUntilDeadline @ react-dom_client.js?v=6464037d:36
15:20:32.723 TrainingPlanManager.tsx:69  GET http://localhost:8000/api/admin/departments 401 (Unauthorized)
dispatchXhrRequest @ axios.js?v=6464037d:1696
xhr @ axios.js?v=6464037d:1573
dispatchRequest @ axios.js?v=6464037d:2107
Promise.then
_request @ axios.js?v=6464037d:2310
request @ axios.js?v=6464037d:2219
Axios.<computed> @ axios.js?v=6464037d:2346
wrap @ axios.js?v=6464037d:8
fetchData @ TrainingPlanManager.tsx:69
(匿名) @ TrainingPlanManager.tsx:80
react_stack_bottom_frame @ react-dom_client.js?v=6464037d:18567
runWithFiberInDEV @ react-dom_client.js?v=6464037d:997
commitHookEffectListMount @ react-dom_client.js?v=6464037d:9411
commitHookPassiveMountEffects @ react-dom_client.js?v=6464037d:9465
reconnectPassiveEffects @ react-dom_client.js?v=6464037d:11273
doubleInvokeEffectsOnFiber @ react-dom_client.js?v=6464037d:13339
runWithFiberInDEV @ react-dom_client.js?v=6464037d:997
recursivelyTraverseAndDoubleInvokeEffectsInDEV @ react-dom_client.js?v=6464037d:13312
recursivelyTraverseAndDoubleInvokeEffectsInDEV @ react-dom_client.js?v=6464037d:13317
recursivelyTraverseAndDoubleInvokeEffectsInDEV @ react-dom_client.js?v=6464037d:13317
recursivelyTraverseAndDoubleInvokeEffectsInDEV @ react-dom_client.js?v=6464037d:13317
recursivelyTraverseAndDoubleInvokeEffectsInDEV @ react-dom_client.js?v=6464037d:13317
recursivelyTraverseAndDoubleInvokeEffectsInDEV @ react-dom_client.js?v=6464037d:13317
recursivelyTraverseAndDoubleInvokeEffectsInDEV @ react-dom_client.js?v=6464037d:13317
recursivelyTraverseAndDoubleInvokeEffectsInDEV @ react-dom_client.js?v=6464037d:13317
recursivelyTraverseAndDoubleInvokeEffectsInDEV @ react-dom_client.js?v=6464037d:13317
recursivelyTraverseAndDoubleInvokeEffectsInDEV @ react-dom_client.js?v=6464037d:13317
recursivelyTraverseAndDoubleInvokeEffectsInDEV @ react-dom_client.js?v=6464037d:13317
recursivelyTraverseAndDoubleInvokeEffectsInDEV @ react-dom_client.js?v=6464037d:13317
commitDoubleInvokeEffectsInDEV @ react-dom_client.js?v=6464037d:13347
flushPassiveEffects @ react-dom_client.js?v=6464037d:13157
(匿名) @ react-dom_client.js?v=6464037d:12776
performWorkUntilDeadline @ react-dom_client.js?v=6464037d:36
